<?xml version="1.0" encoding="UTF-8"?>
<!-- Generated by org.testng.reporters.JUnitReportReporter -->
<testsuite hostname="LAPTOP-DOBQB88H" failures="0" tests="1" name="udemyselenium.tests.ErrorValidationsTest" time="9.280" errors="0" timestamp="2024-06-10T17:12:46 ICT" skipped="0">
  <testcase classname="udemyselenium.tests.ErrorValidationsTest" name="LoginErrorValidation" time="9.280"/>
  <system-out/>
</testsuite> <!-- udemyselenium.tests.ErrorValidationsTest -->
