<?xml version="1.0" encoding="UTF-8"?>
<!-- Generated by org.testng.reporters.JUnitReportReporter -->
<testsuite hostname="KST-QA-2024-L" failures="0" tests="3" name="udemyselenium.tests.SubmitOrderTest" time="61.929" errors="0" timestamp="2024-07-17T18:53:17 ICT" skipped="0">
  <testcase classname="udemyselenium.tests.SubmitOrderTest" name="submitOrder" time="23.883"/>
  <system-out/>
  <testcase classname="udemyselenium.tests.SubmitOrderTest" name="OrderHistoryTest" time="24.157"/>
  <system-out/>
  <testcase classname="udemyselenium.tests.SubmitOrderTest" name="submitOrder" time="13.889"/>
  <system-out/>
</testsuite> <!-- udemyselenium.tests.SubmitOrderTest -->
