<?xml version="1.0" encoding="UTF-8"?>
<!-- Generated by org.testng.reporters.JUnitReportReporter -->
<testsuite hostname="LAPTOP-DOBQB88H" failures="0" tests="1" name="udemyselenium.tests.ErrorValidations" time="28.935" errors="0" timestamp="2024-06-05T16:43:41 ICT" skipped="0">
  <testcase classname="udemyselenium.tests.ErrorValidations" name="submitOrder" time="28.935"/>
  <system-out/>
</testsuite> <!-- udemyselenium.tests.ErrorValidations -->
