<?xml version="1.0" encoding="UTF-8"?>
<!-- Generated by org.testng.reporters.JUnitReportReporter -->
<testsuite hostname="KST-QA-2024-L" failures="0" tests="2" name="udemyselenium.tests.ErrorValidationsTest" time="125.132" errors="0" timestamp="2024-07-09T17:42:25 ICT" skipped="0">
  <testcase classname="udemyselenium.tests.ErrorValidationsTest" name="LoginErrorValidation" time="79.802"/>
  <testcase classname="udemyselenium.tests.ErrorValidationsTest" name="ProductErrorValidation" time="45.330"/>
</testsuite> <!-- udemyselenium.tests.ErrorValidationsTest -->
