<?xml version="1.0" encoding="UTF-8"?>
<!-- Generated by org.testng.reporters.JUnitReportReporter -->
<testsuite hostname="KST-QA-2024-L" failures="0" tests="3" name="udemyselenium.tests.SubmitOrderTest" time="137.527" errors="0" timestamp="2024-07-09T17:42:25 ICT" skipped="0">
  <testcase classname="udemyselenium.tests.SubmitOrderTest" name="OrderHistoryTest" time="31.112"/>
  <testcase classname="udemyselenium.tests.SubmitOrderTest" name="submitOrder" time="59.273"/>
  <testcase classname="udemyselenium.tests.SubmitOrderTest" name="submitOrder" time="47.142"/>
</testsuite> <!-- udemyselenium.tests.SubmitOrderTest -->
